Build started 7/7/2014 2:06:57 PM.
     1>Project "C:\Users\Matt\Documents\Visual Studio 2013\Projects\CS 236\Lab 2 - Parser\Lab 2 - Parser\Lab 2 - Parser.vcxproj" on node 2 (Build target(s)).
     1>ClCompile:
         C:\Program Files (x86)\Microsoft Visual Studio 12.0\VC\bin\CL.exe /c /ZI /nologo /W3 /WX- /sdl /Od /Oy- /D WIN32 /D _DEBUG /D _CONSOLE /D _LIB /D _UNICODE /D UNICODE /Gm /EHsc /RTC1 /MDd /GS /fp:precise /Zc:wchar_t /Zc:forScope /Fo"Debug\\" /Fd"Debug\vc120.pdb" /Gd /TP /analyze- /errorReport:prompt Tokentype.cpp
         Tokentype.cpp
       Link:
         C:\Program Files (x86)\Microsoft Visual Studio 12.0\VC\bin\link.exe /ERRORREPORT:PROMPT /OUT:"C:\Users\Matt\Documents\Visual Studio 2013\Projects\CS 236\Lab 2 - Parser\Debug\Lab 2 - Parser.exe" /INCREMENTAL /NOLOGO kernel32.lib user32.lib gdi32.lib winspool.lib comdlg32.lib advapi32.lib shell32.lib ole32.lib oleaut32.lib uuid.lib odbc32.lib odbccp32.lib /MANIFEST /MANIFESTUAC:"level='asInvoker' uiAccess='false'" /manifest:embed /DEBUG /PDB:"C:\Users\Matt\Documents\Visual Studio 2013\Projects\CS 236\Lab 2 - Parser\Debug\Lab 2 - Parser.pdb" /SUBSYSTEM:CONSOLE /TLBID:1 /DYNAMICBASE /NXCOMPAT /IMPLIB:"C:\Users\Matt\Documents\Visual Studio 2013\Projects\CS 236\Lab 2 - Parser\Debug\Lab 2 - Parser.lib" /MACHINE:X86 Debug\DatalogProgram.obj
         Debug\main.obj
         Debug\Parameter.obj
         Debug\Parser.obj
         Debug\Predicate.obj
         Debug\Rule.obj
         Debug\Scanner.obj
         Debug\Token.obj
         Debug\Tokentype.obj
         Debug\Util.obj
         Lab 2 - Parser.vcxproj -> C:\Users\Matt\Documents\Visual Studio 2013\Projects\CS 236\Lab 2 - Parser\Debug\Lab 2 - Parser.exe
     1>Done Building Project "C:\Users\Matt\Documents\Visual Studio 2013\Projects\CS 236\Lab 2 - Parser\Lab 2 - Parser\Lab 2 - Parser.vcxproj" (Build target(s)).

Build succeeded.

Time Elapsed 00:00:00.68
