Build started 7/31/2014 2:35:14 PM.
     1>Project "C:\Users\Matt\Documents\Visual Studio 2013\Projects\CS 236\Project 4 - Interpretter2\Project 4 - Interpretter2\Project 4 - Interpretter2.vcxproj" on node 2 (Build target(s)).
     1>ClCompile:
         C:\Program Files (x86)\Microsoft Visual Studio 12.0\VC\bin\CL.exe /c /ZI /nologo /W3 /WX- /sdl /Od /Oy- /D WIN32 /D _DEBUG /D _CONSOLE /D _LIB /D _UNICODE /D UNICODE /Gm /EHsc /RTC1 /MDd /GS /fp:precise /Zc:wchar_t /Zc:forScope /Fo"Debug\\" /Fd"Debug\vc120.pdb" /Gd /TP /analyze- /errorReport:prompt Database.cpp
         Database.cpp
     1>c:\users\matt\documents\visual studio 2013\projects\cs 236\project 4 - interpretter2\project 4 - interpretter2\database.cpp(28): warning C4018: '<' : signed/unsigned mismatch
     1>c:\users\matt\documents\visual studio 2013\projects\cs 236\project 4 - interpretter2\project 4 - interpretter2\database.cpp(29): warning C4018: '<' : signed/unsigned mismatch
     1>c:\users\matt\documents\visual studio 2013\projects\cs 236\project 4 - interpretter2\project 4 - interpretter2\database.cpp(53): warning C4018: '<' : signed/unsigned mismatch
     1>c:\users\matt\documents\visual studio 2013\projects\cs 236\project 4 - interpretter2\project 4 - interpretter2\database.cpp(56): warning C4018: '<' : signed/unsigned mismatch
     1>c:\users\matt\documents\visual studio 2013\projects\cs 236\project 4 - interpretter2\project 4 - interpretter2\database.cpp(86): warning C4018: '<' : signed/unsigned mismatch
     1>c:\users\matt\documents\visual studio 2013\projects\cs 236\project 4 - interpretter2\project 4 - interpretter2\database.cpp(87): warning C4018: '<' : signed/unsigned mismatch
     1>c:\users\matt\documents\visual studio 2013\projects\cs 236\project 4 - interpretter2\project 4 - interpretter2\database.cpp(108): warning C4018: '<' : signed/unsigned mismatch
     1>c:\users\matt\documents\visual studio 2013\projects\cs 236\project 4 - interpretter2\project 4 - interpretter2\database.cpp(125): warning C4018: '<' : signed/unsigned mismatch
     1>c:\users\matt\documents\visual studio 2013\projects\cs 236\project 4 - interpretter2\project 4 - interpretter2\database.cpp(129): warning C4018: '<' : signed/unsigned mismatch
     1>c:\users\matt\documents\visual studio 2013\projects\cs 236\project 4 - interpretter2\project 4 - interpretter2\database.cpp(154): warning C4018: '<' : signed/unsigned mismatch
     1>c:\users\matt\documents\visual studio 2013\projects\cs 236\project 4 - interpretter2\project 4 - interpretter2\database.cpp(162): warning C4018: '<' : signed/unsigned mismatch
       Link:
         C:\Program Files (x86)\Microsoft Visual Studio 12.0\VC\bin\link.exe /ERRORREPORT:PROMPT /OUT:"C:\Users\Matt\Documents\Visual Studio 2013\Projects\CS 236\Project 4 - Interpretter2\Debug\Project 4 - Interpretter2.exe" /INCREMENTAL /NOLOGO kernel32.lib user32.lib gdi32.lib winspool.lib comdlg32.lib advapi32.lib shell32.lib ole32.lib oleaut32.lib uuid.lib odbc32.lib odbccp32.lib /MANIFEST /MANIFESTUAC:"level='asInvoker' uiAccess='false'" /manifest:embed /DEBUG /PDB:"C:\Users\Matt\Documents\Visual Studio 2013\Projects\CS 236\Project 4 - Interpretter2\Debug\Project 4 - Interpretter2.pdb" /SUBSYSTEM:CONSOLE /TLBID:1 /DYNAMICBASE /NXCOMPAT /IMPLIB:"C:\Users\Matt\Documents\Visual Studio 2013\Projects\CS 236\Project 4 - Interpretter2\Debug\Project 4 - Interpretter2.lib" /MACHINE:X86 Debug\Database.obj
         Debug\DatalogProgram.obj
         Debug\Interpretter.obj
         Debug\main.obj
         Debug\Parameter.obj
         Debug\Parser.obj
         Debug\Predicate.obj
         Debug\Relation.obj
         Debug\Rule.obj
         Debug\Scanner.obj
         Debug\Scheme.obj
         Debug\Token.obj
         Debug\Tokentype.obj
         Debug\Tuple.obj
         Debug\Util.obj
         Project 4 - Interpretter2.vcxproj -> C:\Users\Matt\Documents\Visual Studio 2013\Projects\CS 236\Project 4 - Interpretter2\Debug\Project 4 - Interpretter2.exe
     1>Done Building Project "C:\Users\Matt\Documents\Visual Studio 2013\Projects\CS 236\Project 4 - Interpretter2\Project 4 - Interpretter2\Project 4 - Interpretter2.vcxproj" (Build target(s)).

Build succeeded.

Time Elapsed 00:00:01.11
